<html>
<head>
<title>TestNG:  127.0.0.1:62025</title>
<link href="../testng.css" rel="stylesheet" type="text/css" />
<link href="../my-testng.css" rel="stylesheet" type="text/css" />

<style type="text/css">
.log { display: none;} 
.stack-trace { display: none;} 
</style>
<script type="text/javascript">
<!--
function flip(e) {
  current = e.style.display;
  if (current == 'block') {
    e.style.display = 'none';
    return 0;
  }
  else {
    e.style.display = 'block';
    return 1;
  }
}

function toggleBox(szDivId, elem, msg1, msg2)
{
  var res = -1;  if (document.getElementById) {
    res = flip(document.getElementById(szDivId));
  }
  else if (document.all) {
    // this is the way old msie versions work
    res = flip(document.all[szDivId]);
  }
  if(elem) {
    if(res == 0) elem.innerHTML = msg1; else elem.innerHTML = msg2;
  }

}

function toggleAllBoxes() {
  if (document.getElementsByTagName) {
    d = document.getElementsByTagName('div');
    for (i = 0; i < d.length; i++) {
      if (d[i].className == 'log') {
        flip(d[i]);
      }
    }
  }
}

// -->
</script>

</head>
<body>
<h2 align='center'>127.0.0.1:62025</h2><table border='1' align="center">
<tr>
<td>Tests passed/Failed/Skipped:</td><td>2/2/0</td>
</tr><tr>
<td>Started on:</td><td>Sun Dec 25 13:53:51 CST 2016</td>
</tr>
<tr><td>Total time:</td><td>191 seconds (191001 ms)</td>
</tr><tr>
<td>Included groups:</td><td></td>
</tr><tr>
<td>Excluded groups:</td><td></td>
</tr>
</table><p/>
<small><i>(Hover the method name to see the test class name)</i></small><p/>
<table width='100%' border='1' class='invocation-failed'>
<tr><td colspan='4' align='center'><b>FAILED TESTS</b></td></tr>
<tr><td><b>Test method</b></td>
<td width="30%"><b>Exception</b></td>
<td width="10%"><b>Time (seconds)</b></td>
<td><b>Instance</b></td>
</tr>
<tr>
<td title='cn.crazy.appium.testcases.ZhiHuTest.t002_attention()'><b>t002_attention</b><br>Test class: cn.crazy.appium.testcases.ZhiHuTest<br/>
<a href="#Output-2104669820" onClick='toggleBox("Output-2104669820", this, "Show output", "Hide output");'>Show output</a>

<a href="#Output-2104669820" onClick="toggleAllBoxes();">Show all outputs</a>
<div class='log' id="Output-2104669820">
<a href=http://localhost:8080/10_1482645301977attentionerror.png target=_blank>失败截图</a><br/>
<img src=http://localhost:8080/10_1482645301977attentionerror.png style=width:30px;height:30px img/><br/>
</div>
</td>
<td><div><pre>java.lang.AssertionError: null
	at cn.crazy.appium.testng.Assertion.fail(Assertion.java:66)
	at cn.crazy.appium.testng.Assertion.assertEquals(Assertion.java:20)
	at cn.crazy.appium.testcases.ZhiHuTest.t002_attention(ZhiHuTest.java:85)
	at java.util.concurrent.FutureTask.run(FutureTask.java:266)
	at java.util.concurrent.ThreadPoolExecutor.runWorker(ThreadPoolExecutor.java:1142)
	at java.util.concurrent.ThreadPoolExecutor$Worker.run(ThreadPoolExecutor.java:617)
	at java.lang.Thread.run(Thread.java:745)
... Removed 18 stack frames</pre></div><a href='#' onClick='toggleBox("stack-trace2104669820", this, "Click to show all stack frames", "Click to hide stack frames")'>Click to show all stack frames</a>
<div class='stack-trace' id='stack-trace2104669820'><pre>java.lang.AssertionError: null
	at org.testng.Assert.fail(Assert.java:94)
	at org.testng.Assert.fail(Assert.java:101)
	at cn.crazy.appium.testng.Assertion.fail(Assertion.java:66)
	at cn.crazy.appium.testng.Assertion.assertEquals(Assertion.java:20)
	at cn.crazy.appium.testcases.ZhiHuTest.t002_attention(ZhiHuTest.java:85)
	at sun.reflect.NativeMethodAccessorImpl.invoke0(Native Method)
	at sun.reflect.NativeMethodAccessorImpl.invoke(NativeMethodAccessorImpl.java:62)
	at sun.reflect.DelegatingMethodAccessorImpl.invoke(DelegatingMethodAccessorImpl.java:43)
	at java.lang.reflect.Method.invoke(Method.java:483)
	at org.testng.internal.MethodInvocationHelper.invokeMethod(MethodInvocationHelper.java:86)
	at org.testng.internal.Invoker.invokeMethod(Invoker.java:643)
	at org.testng.internal.Invoker.invokeTestMethod(Invoker.java:820)
	at org.testng.internal.Invoker.invokeTestMethods(Invoker.java:1128)
	at org.testng.internal.TestMethodWorker.invokeTestMethods(TestMethodWorker.java:129)
	at org.testng.internal.TestMethodWorker.run(TestMethodWorker.java:112)
	at org.testng.TestRunner.privateRun(TestRunner.java:782)
	at org.testng.TestRunner.run(TestRunner.java:632)
	at org.testng.SuiteRunner.runTest(SuiteRunner.java:366)
	at org.testng.SuiteRunner.access$000(SuiteRunner.java:39)
	at org.testng.SuiteRunner$SuiteWorker.run(SuiteRunner.java:400)
	at org.testng.internal.thread.ThreadUtil$2.call(ThreadUtil.java:64)
	at java.util.concurrent.FutureTask.run(FutureTask.java:266)
	at java.util.concurrent.ThreadPoolExecutor.runWorker(ThreadPoolExecutor.java:1142)
	at java.util.concurrent.ThreadPoolExecutor$Worker.run(ThreadPoolExecutor.java:617)
	at java.lang.Thread.run(Thread.java:745)
</pre></div></td>
<td>34</td>
<td>cn.crazy.appium.testcases.ZhiHuTest@7085bdee</td></tr>
<tr>
<td title='cn.crazy.appium.testcases.ZhiHuTest.t004_personInfo()'><b>t004_personInfo</b><br>Test class: cn.crazy.appium.testcases.ZhiHuTest<br/>
<a href="#Output-227692733" onClick='toggleBox("Output-227692733", this, "Show output", "Hide output");'>Show output</a>

<a href="#Output-227692733" onClick="toggleAllBoxes();">Show all outputs</a>
<div class='log' id="Output-227692733">
<a href=http://localhost:8080/10_1482645398034personinfoerror.png target=_blank>失败截图</a><br/>
<img src=http://localhost:8080/10_1482645398034personinfoerror.png style=width:30px;height:30px img/><br/>
</div>
</td>
<td><div><pre>java.lang.AssertionError: null
	at cn.crazy.appium.testng.Assertion.fail(Assertion.java:66)
	at cn.crazy.appium.testng.Assertion.assertEquals(Assertion.java:20)
	at cn.crazy.appium.testcases.ZhiHuTest.t004_personInfo(ZhiHuTest.java:103)
	at java.util.concurrent.FutureTask.run(FutureTask.java:266)
	at java.util.concurrent.ThreadPoolExecutor.runWorker(ThreadPoolExecutor.java:1142)
	at java.util.concurrent.ThreadPoolExecutor$Worker.run(ThreadPoolExecutor.java:617)
	at java.lang.Thread.run(Thread.java:745)
... Removed 18 stack frames</pre></div><a href='#' onClick='toggleBox("stack-trace227692733", this, "Click to show all stack frames", "Click to hide stack frames")'>Click to show all stack frames</a>
<div class='stack-trace' id='stack-trace227692733'><pre>java.lang.AssertionError: null
	at org.testng.Assert.fail(Assert.java:94)
	at org.testng.Assert.fail(Assert.java:101)
	at cn.crazy.appium.testng.Assertion.fail(Assertion.java:66)
	at cn.crazy.appium.testng.Assertion.assertEquals(Assertion.java:20)
	at cn.crazy.appium.testcases.ZhiHuTest.t004_personInfo(ZhiHuTest.java:103)
	at sun.reflect.NativeMethodAccessorImpl.invoke0(Native Method)
	at sun.reflect.NativeMethodAccessorImpl.invoke(NativeMethodAccessorImpl.java:62)
	at sun.reflect.DelegatingMethodAccessorImpl.invoke(DelegatingMethodAccessorImpl.java:43)
	at java.lang.reflect.Method.invoke(Method.java:483)
	at org.testng.internal.MethodInvocationHelper.invokeMethod(MethodInvocationHelper.java:86)
	at org.testng.internal.Invoker.invokeMethod(Invoker.java:643)
	at org.testng.internal.Invoker.invokeTestMethod(Invoker.java:820)
	at org.testng.internal.Invoker.invokeTestMethods(Invoker.java:1128)
	at org.testng.internal.TestMethodWorker.invokeTestMethods(TestMethodWorker.java:129)
	at org.testng.internal.TestMethodWorker.run(TestMethodWorker.java:112)
	at org.testng.TestRunner.privateRun(TestRunner.java:782)
	at org.testng.TestRunner.run(TestRunner.java:632)
	at org.testng.SuiteRunner.runTest(SuiteRunner.java:366)
	at org.testng.SuiteRunner.access$000(SuiteRunner.java:39)
	at org.testng.SuiteRunner$SuiteWorker.run(SuiteRunner.java:400)
	at org.testng.internal.thread.ThreadUtil$2.call(ThreadUtil.java:64)
	at java.util.concurrent.FutureTask.run(FutureTask.java:266)
	at java.util.concurrent.ThreadPoolExecutor.runWorker(ThreadPoolExecutor.java:1142)
	at java.util.concurrent.ThreadPoolExecutor$Worker.run(ThreadPoolExecutor.java:617)
	at java.lang.Thread.run(Thread.java:745)
</pre></div></td>
<td>54</td>
<td>cn.crazy.appium.testcases.ZhiHuTest@7085bdee</td></tr>
</table><p>
<table width='100%' border='1' class='invocation-passed'>
<tr><td colspan='4' align='center'><b>PASSED TESTS</b></td></tr>
<tr><td><b>Test method</b></td>
<td width="30%"><b>Exception</b></td>
<td width="10%"><b>Time (seconds)</b></td>
<td><b>Instance</b></td>
</tr>
<tr>
<td title='cn.crazy.appium.testcases.ZhiHuTest.t001_login()'><b>t001_login</b><br>Test class: cn.crazy.appium.testcases.ZhiHuTest</td>
<td></td>
<td>28</td>
<td>cn.crazy.appium.testcases.ZhiHuTest@7085bdee</td></tr>
<tr>
<td title='cn.crazy.appium.testcases.ZhiHuTest.t002_search()'><b>t002_search</b><br>Test class: cn.crazy.appium.testcases.ZhiHuTest</td>
<td></td>
<td>14</td>
<td>cn.crazy.appium.testcases.ZhiHuTest@7085bdee</td></tr>
</table><p>
</body>
</html>